1689930664.382516 client started (8857): version 3.3a, socket /tmp/tmux-1000/default, protocol 8
1689930664.382577 on Linux 6.3.12-200.fc38.x86_64 #1 SMP PREEMPT_DYNAMIC Thu Jul  6 04:05:18 UTC 2023
1689930664.382599 using libevent 2.1.12-stable (poll); ncurses 6.4
1689930664.382635 flags are 0x10010000
1689930664.382645 socket is /tmp/tmux-1000/default
1689930664.382683 trying connect
1689930664.383038 add peer 0x5620f0bdfdd0: 6 ((nil))
1689930664.384462 sending message 100 to peer 0x5620f0bdfdd0 (4 bytes)
1689930664.384491 sending message 111 to peer 0x5620f0bdfdd0 (8 bytes)
1689930664.384503 sending message 101 to peer 0x5620f0bdfdd0 (15 bytes)
1689930664.384513 sending message 109 to peer 0x5620f0bdfdd0 (4 bytes)
1689930664.384523 sending message 102 to peer 0x5620f0bdfdd0 (11 bytes)
1689930664.384532 sending message 108 to peer 0x5620f0bdfdd0 (29 bytes)
1689930664.384542 sending message 112 to peer 0x5620f0bdfdd0 (58 bytes)
1689930664.384552 sending message 112 to peer 0x5620f0bdfdd0 (5 bytes)
1689930664.384562 sending message 112 to peer 0x5620f0bdfdd0 (5 bytes)
1689930664.384571 sending message 112 to peer 0x5620f0bdfdd0 (6 bytes)
1689930664.384581 sending message 112 to peer 0x5620f0bdfdd0 (6 bytes)
1689930664.384590 sending message 112 to peer 0x5620f0bdfdd0 (11 bytes)
1689930664.384600 sending message 112 to peer 0x5620f0bdfdd0 (10 bytes)
1689930664.384609 sending message 112 to peer 0x5620f0bdfdd0 (13 bytes)
1689930664.384618 sending message 112 to peer 0x5620f0bdfdd0 (14 bytes)
1689930664.384628 sending message 112 to peer 0x5620f0bdfdd0 (19 bytes)
1689930664.384637 sending message 112 to peer 0x5620f0bdfdd0 (11 bytes)
1689930664.384647 sending message 112 to peer 0x5620f0bdfdd0 (10 bytes)
1689930664.384656 sending message 112 to peer 0x5620f0bdfdd0 (15 bytes)
1689930664.384666 sending message 112 to peer 0x5620f0bdfdd0 (21 bytes)
1689930664.384675 sending message 112 to peer 0x5620f0bdfdd0 (13 bytes)
1689930664.384684 sending message 112 to peer 0x5620f0bdfdd0 (7 bytes)
1689930664.384693 sending message 112 to peer 0x5620f0bdfdd0 (13 bytes)
1689930664.384703 sending message 112 to peer 0x5620f0bdfdd0 (7 bytes)
1689930664.384712 sending message 112 to peer 0x5620f0bdfdd0 (13 bytes)
1689930664.384721 sending message 112 to peer 0x5620f0bdfdd0 (9 bytes)
1689930664.384731 sending message 112 to peer 0x5620f0bdfdd0 (21 bytes)
1689930664.384740 sending message 112 to peer 0x5620f0bdfdd0 (13 bytes)
1689930664.384750 sending message 112 to peer 0x5620f0bdfdd0 (9 bytes)
1689930664.384759 sending message 112 to peer 0x5620f0bdfdd0 (16 bytes)
1689930664.384768 sending message 112 to peer 0x5620f0bdfdd0 (13 bytes)
1689930664.384777 sending message 112 to peer 0x5620f0bdfdd0 (9 bytes)
1689930664.384787 sending message 112 to peer 0x5620f0bdfdd0 (9 bytes)
1689930664.384796 sending message 112 to peer 0x5620f0bdfdd0 (12 bytes)
1689930664.384805 sending message 112 to peer 0x5620f0bdfdd0 (8 bytes)
1689930664.384815 sending message 112 to peer 0x5620f0bdfdd0 (8 bytes)
1689930664.384824 sending message 112 to peer 0x5620f0bdfdd0 (13 bytes)
1689930664.384834 sending message 112 to peer 0x5620f0bdfdd0 (7 bytes)
1689930664.384843 sending message 112 to peer 0x5620f0bdfdd0 (7 bytes)
1689930664.384852 sending message 112 to peer 0x5620f0bdfdd0 (9 bytes)
1689930664.384861 sending message 112 to peer 0x5620f0bdfdd0 (9 bytes)
1689930664.384870 sending message 112 to peer 0x5620f0bdfdd0 (15 bytes)
1689930664.384880 sending message 112 to peer 0x5620f0bdfdd0 (13 bytes)
1689930664.384889 sending message 112 to peer 0x5620f0bdfdd0 (12 bytes)
1689930664.384899 sending message 112 to peer 0x5620f0bdfdd0 (8 bytes)
1689930664.384908 sending message 112 to peer 0x5620f0bdfdd0 (14 bytes)
1689930664.384917 sending message 112 to peer 0x5620f0bdfdd0 (11 bytes)
1689930664.384926 sending message 112 to peer 0x5620f0bdfdd0 (9 bytes)
1689930664.384936 sending message 112 to peer 0x5620f0bdfdd0 (10 bytes)
1689930664.384945 sending message 112 to peer 0x5620f0bdfdd0 (10 bytes)
1689930664.384954 sending message 112 to peer 0x5620f0bdfdd0 (10 bytes)
1689930664.384964 sending message 112 to peer 0x5620f0bdfdd0 (10 bytes)
1689930664.385001 sending message 112 to peer 0x5620f0bdfdd0 (11 bytes)
1689930664.385018 sending message 112 to peer 0x5620f0bdfdd0 (12 bytes)
1689930664.385033 sending message 112 to peer 0x5620f0bdfdd0 (12 bytes)
1689930664.385044 sending message 112 to peer 0x5620f0bdfdd0 (12 bytes)
1689930664.385053 sending message 112 to peer 0x5620f0bdfdd0 (12 bytes)
1689930664.385062 sending message 112 to peer 0x5620f0bdfdd0 (12 bytes)
1689930664.385072 sending message 112 to peer 0x5620f0bdfdd0 (11 bytes)
1689930664.385082 sending message 112 to peer 0x5620f0bdfdd0 (11 bytes)
1689930664.385091 sending message 112 to peer 0x5620f0bdfdd0 (12 bytes)
1689930664.385119 sending message 112 to peer 0x5620f0bdfdd0 (12 bytes)
1689930664.385129 sending message 112 to peer 0x5620f0bdfdd0 (12 bytes)
1689930664.385138 sending message 112 to peer 0x5620f0bdfdd0 (12 bytes)
1689930664.385147 sending message 112 to peer 0x5620f0bdfdd0 (12 bytes)
1689930664.385157 sending message 112 to peer 0x5620f0bdfdd0 (9 bytes)
1689930664.385166 sending message 112 to peer 0x5620f0bdfdd0 (12 bytes)
1689930664.385176 sending message 112 to peer 0x5620f0bdfdd0 (13 bytes)
1689930664.385185 sending message 112 to peer 0x5620f0bdfdd0 (13 bytes)
1689930664.385194 sending message 112 to peer 0x5620f0bdfdd0 (13 bytes)
1689930664.385203 sending message 112 to peer 0x5620f0bdfdd0 (13 bytes)
1689930664.385212 sending message 112 to peer 0x5620f0bdfdd0 (13 bytes)
1689930664.385222 sending message 112 to peer 0x5620f0bdfdd0 (8 bytes)
1689930664.385231 sending message 112 to peer 0x5620f0bdfdd0 (11 bytes)
1689930664.385241 sending message 112 to peer 0x5620f0bdfdd0 (11 bytes)
1689930664.385250 sending message 112 to peer 0x5620f0bdfdd0 (11 bytes)
1689930664.385260 sending message 112 to peer 0x5620f0bdfdd0 (12 bytes)
1689930664.385269 sending message 112 to peer 0x5620f0bdfdd0 (12 bytes)
1689930664.385278 sending message 112 to peer 0x5620f0bdfdd0 (12 bytes)
1689930664.385288 sending message 112 to peer 0x5620f0bdfdd0 (12 bytes)
1689930664.385297 sending message 112 to peer 0x5620f0bdfdd0 (13 bytes)
1689930664.385306 sending message 112 to peer 0x5620f0bdfdd0 (13 bytes)
1689930664.385316 sending message 112 to peer 0x5620f0bdfdd0 (13 bytes)
1689930664.385325 sending message 112 to peer 0x5620f0bdfdd0 (8 bytes)
1689930664.385335 sending message 112 to peer 0x5620f0bdfdd0 (13 bytes)
1689930664.385344 sending message 112 to peer 0x5620f0bdfdd0 (13 bytes)
1689930664.385353 sending message 112 to peer 0x5620f0bdfdd0 (13 bytes)
1689930664.385363 sending message 112 to peer 0x5620f0bdfdd0 (13 bytes)
1689930664.385372 sending message 112 to peer 0x5620f0bdfdd0 (13 bytes)
1689930664.385381 sending message 112 to peer 0x5620f0bdfdd0 (12 bytes)
1689930664.385391 sending message 112 to peer 0x5620f0bdfdd0 (12 bytes)
1689930664.385401 sending message 112 to peer 0x5620f0bdfdd0 (12 bytes)
1689930664.385410 sending message 112 to peer 0x5620f0bdfdd0 (12 bytes)
1689930664.385420 sending message 112 to peer 0x5620f0bdfdd0 (13 bytes)
1689930664.385430 sending message 112 to peer 0x5620f0bdfdd0 (8 bytes)
1689930664.385439 sending message 112 to peer 0x5620f0bdfdd0 (13 bytes)
1689930664.385449 sending message 112 to peer 0x5620f0bdfdd0 (13 bytes)
1689930664.385458 sending message 112 to peer 0x5620f0bdfdd0 (13 bytes)
1689930664.385468 sending message 112 to peer 0x5620f0bdfdd0 (13 bytes)
1689930664.385478 sending message 112 to peer 0x5620f0bdfdd0 (13 bytes)
1689930664.385487 sending message 112 to peer 0x5620f0bdfdd0 (13 bytes)
1689930664.385497 sending message 112 to peer 0x5620f0bdfdd0 (13 bytes)
1689930664.385506 sending message 112 to peer 0x5620f0bdfdd0 (12 bytes)
1689930664.385516 sending message 112 to peer 0x5620f0bdfdd0 (12 bytes)
1689930664.385525 sending message 112 to peer 0x5620f0bdfdd0 (12 bytes)
1689930664.385535 sending message 112 to peer 0x5620f0bdfdd0 (8 bytes)
1689930664.385544 sending message 112 to peer 0x5620f0bdfdd0 (12 bytes)
1689930664.385554 sending message 112 to peer 0x5620f0bdfdd0 (13 bytes)
1689930664.385564 sending message 112 to peer 0x5620f0bdfdd0 (13 bytes)
1689930664.385579 sending message 112 to peer 0x5620f0bdfdd0 (13 bytes)
1689930664.385596 sending message 112 to peer 0x5620f0bdfdd0 (13 bytes)
1689930664.385606 sending message 112 to peer 0x5620f0bdfdd0 (13 bytes)
1689930664.385616 sending message 112 to peer 0x5620f0bdfdd0 (13 bytes)
1689930664.385625 sending message 112 to peer 0x5620f0bdfdd0 (13 bytes)
1689930664.385635 sending message 112 to peer 0x5620f0bdfdd0 (13 bytes)
1689930664.385644 sending message 112 to peer 0x5620f0bdfdd0 (12 bytes)
1689930664.385653 sending message 112 to peer 0x5620f0bdfdd0 (10 bytes)
1689930664.385663 sending message 112 to peer 0x5620f0bdfdd0 (12 bytes)
1689930664.385672 sending message 112 to peer 0x5620f0bdfdd0 (12 bytes)
1689930664.385681 sending message 112 to peer 0x5620f0bdfdd0 (12 bytes)
1689930664.385690 sending message 112 to peer 0x5620f0bdfdd0 (13 bytes)
1689930664.385700 sending message 112 to peer 0x5620f0bdfdd0 (13 bytes)
1689930664.385710 sending message 112 to peer 0x5620f0bdfdd0 (13 bytes)
1689930664.385719 sending message 112 to peer 0x5620f0bdfdd0 (13 bytes)
1689930664.385729 sending message 112 to peer 0x5620f0bdfdd0 (13 bytes)
1689930664.385738 sending message 112 to peer 0x5620f0bdfdd0 (13 bytes)
1689930664.385747 sending message 112 to peer 0x5620f0bdfdd0 (13 bytes)
1689930664.385757 sending message 112 to peer 0x5620f0bdfdd0 (10 bytes)
1689930664.385766 sending message 112 to peer 0x5620f0bdfdd0 (13 bytes)
1689930664.385775 sending message 112 to peer 0x5620f0bdfdd0 (12 bytes)
1689930664.385785 sending message 112 to peer 0x5620f0bdfdd0 (12 bytes)
1689930664.385794 sending message 112 to peer 0x5620f0bdfdd0 (12 bytes)
1689930664.385803 sending message 112 to peer 0x5620f0bdfdd0 (10 bytes)
1689930664.385813 sending message 112 to peer 0x5620f0bdfdd0 (10 bytes)
1689930664.385822 sending message 112 to peer 0x5620f0bdfdd0 (10 bytes)
1689930664.385831 sending message 112 to peer 0x5620f0bdfdd0 (12 bytes)
1689930664.385841 sending message 112 to peer 0x5620f0bdfdd0 (13 bytes)
1689930664.385850 sending message 112 to peer 0x5620f0bdfdd0 (13 bytes)
1689930664.385860 sending message 112 to peer 0x5620f0bdfdd0 (13 bytes)
1689930664.385869 sending message 112 to peer 0x5620f0bdfdd0 (13 bytes)
1689930664.385879 sending message 112 to peer 0x5620f0bdfdd0 (13 bytes)
1689930664.385888 sending message 112 to peer 0x5620f0bdfdd0 (10 bytes)
1689930664.385897 sending message 112 to peer 0x5620f0bdfdd0 (11 bytes)
1689930664.385906 sending message 112 to peer 0x5620f0bdfdd0 (12 bytes)
1689930664.385916 sending message 112 to peer 0x5620f0bdfdd0 (12 bytes)
1689930664.385926 sending message 112 to peer 0x5620f0bdfdd0 (12 bytes)
1689930664.385939 sending message 112 to peer 0x5620f0bdfdd0 (12 bytes)
1689930664.385952 sending message 112 to peer 0x5620f0bdfdd0 (12 bytes)
1689930664.385966 sending message 112 to peer 0x5620f0bdfdd0 (11 bytes)
1689930664.385976 sending message 112 to peer 0x5620f0bdfdd0 (12 bytes)
1689930664.385985 sending message 112 to peer 0x5620f0bdfdd0 (12 bytes)
1689930664.385994 sending message 112 to peer 0x5620f0bdfdd0 (13 bytes)
1689930664.386006 sending message 112 to peer 0x5620f0bdfdd0 (13 bytes)
1689930664.386021 sending message 112 to peer 0x5620f0bdfdd0 (13 bytes)
1689930664.386033 sending message 112 to peer 0x5620f0bdfdd0 (13 bytes)
1689930664.386042 sending message 112 to peer 0x5620f0bdfdd0 (13 bytes)
1689930664.386052 sending message 112 to peer 0x5620f0bdfdd0 (10 bytes)
1689930664.386061 sending message 112 to peer 0x5620f0bdfdd0 (9 bytes)
1689930664.386071 sending message 112 to peer 0x5620f0bdfdd0 (12 bytes)
1689930664.386080 sending message 112 to peer 0x5620f0bdfdd0 (13 bytes)
1689930664.386090 sending message 112 to peer 0x5620f0bdfdd0 (13 bytes)
1689930664.386116 sending message 112 to peer 0x5620f0bdfdd0 (13 bytes)
1689930664.386127 sending message 112 to peer 0x5620f0bdfdd0 (13 bytes)
1689930664.386138 sending message 112 to peer 0x5620f0bdfdd0 (13 bytes)
1689930664.386148 sending message 112 to peer 0x5620f0bdfdd0 (9 bytes)
1689930664.386173 sending message 112 to peer 0x5620f0bdfdd0 (12 bytes)
1689930664.386184 sending message 112 to peer 0x5620f0bdfdd0 (13 bytes)
1689930664.386193 sending message 112 to peer 0x5620f0bdfdd0 (13 bytes)
1689930664.386203 sending message 112 to peer 0x5620f0bdfdd0 (13 bytes)
1689930664.386213 sending message 112 to peer 0x5620f0bdfdd0 (13 bytes)
1689930664.386222 sending message 112 to peer 0x5620f0bdfdd0 (13 bytes)
1689930664.386232 sending message 112 to peer 0x5620f0bdfdd0 (11 bytes)
1689930664.386241 sending message 112 to peer 0x5620f0bdfdd0 (12 bytes)
1689930664.386250 sending message 112 to peer 0x5620f0bdfdd0 (13 bytes)
1689930664.386259 sending message 112 to peer 0x5620f0bdfdd0 (13 bytes)
1689930664.386269 sending message 112 to peer 0x5620f0bdfdd0 (13 bytes)
1689930664.386278 sending message 112 to peer 0x5620f0bdfdd0 (13 bytes)
1689930664.386288 sending message 112 to peer 0x5620f0bdfdd0 (13 bytes)
1689930664.386297 sending message 112 to peer 0x5620f0bdfdd0 (11 bytes)
1689930664.386306 sending message 112 to peer 0x5620f0bdfdd0 (12 bytes)
1689930664.386315 sending message 112 to peer 0x5620f0bdfdd0 (12 bytes)
1689930664.386325 sending message 112 to peer 0x5620f0bdfdd0 (12 bytes)
1689930664.386334 sending message 112 to peer 0x5620f0bdfdd0 (12 bytes)
1689930664.386343 sending message 112 to peer 0x5620f0bdfdd0 (12 bytes)
1689930664.386353 sending message 112 to peer 0x5620f0bdfdd0 (21 bytes)
1689930664.386362 sending message 112 to peer 0x5620f0bdfdd0 (12 bytes)
1689930664.386372 sending message 112 to peer 0x5620f0bdfdd0 (9 bytes)
1689930664.386381 sending message 112 to peer 0x5620f0bdfdd0 (6 bytes)
1689930664.386390 sending message 112 to peer 0x5620f0bdfdd0 (13 bytes)
1689930664.386400 sending message 112 to peer 0x5620f0bdfdd0 (10 bytes)
1689930664.386409 sending message 112 to peer 0x5620f0bdfdd0 (24 bytes)
1689930664.386418 sending message 112 to peer 0x5620f0bdfdd0 (13 bytes)
1689930664.386428 sending message 112 to peer 0x5620f0bdfdd0 (9 bytes)
1689930664.386437 sending message 112 to peer 0x5620f0bdfdd0 (70 bytes)
1689930664.386447 sending message 112 to peer 0x5620f0bdfdd0 (69 bytes)
1689930664.386457 sending message 112 to peer 0x5620f0bdfdd0 (12 bytes)
1689930664.386466 sending message 112 to peer 0x5620f0bdfdd0 (10 bytes)
1689930664.386475 sending message 112 to peer 0x5620f0bdfdd0 (10 bytes)
1689930664.386485 sending message 112 to peer 0x5620f0bdfdd0 (24 bytes)
1689930664.386494 sending message 112 to peer 0x5620f0bdfdd0 (13 bytes)
1689930664.386504 sending message 112 to peer 0x5620f0bdfdd0 (10 bytes)
1689930664.386514 sending message 112 to peer 0x5620f0bdfdd0 (10 bytes)
1689930664.386524 sending message 112 to peer 0x5620f0bdfdd0 (10 bytes)
1689930664.386533 sending message 112 to peer 0x5620f0bdfdd0 (13 bytes)
1689930664.386542 sending message 112 to peer 0x5620f0bdfdd0 (15 bytes)
1689930664.386552 sending message 112 to peer 0x5620f0bdfdd0 (5 bytes)
1689930664.386563 sending message 104 to peer 0x5620f0bdfdd0 (0 bytes)
1689930664.386573 sending message 110 to peer 0x5620f0bdfdd0 (0 bytes)
1689930664.386583 sending message 107 to peer 0x5620f0bdfdd0 (4 bytes)
1689930664.386593 sending message 105 to peer 0x5620f0bdfdd0 (20 bytes)
1689930664.386602 sending message 105 to peer 0x5620f0bdfdd0 (54 bytes)
1689930664.386612 sending message 105 to peer 0x5620f0bdfdd0 (55 bytes)
1689930664.386621 sending message 105 to peer 0x5620f0bdfdd0 (22 bytes)
1689930664.386631 sending message 105 to peer 0x5620f0bdfdd0 (11 bytes)
1689930664.386641 sending message 105 to peer 0x5620f0bdfdd0 (21 bytes)
1689930664.386650 sending message 105 to peer 0x5620f0bdfdd0 (17 bytes)
1689930664.386660 sending message 105 to peer 0x5620f0bdfdd0 (21 bytes)
1689930664.386669 sending message 105 to peer 0x5620f0bdfdd0 (35 bytes)
1689930664.386678 sending message 105 to peer 0x5620f0bdfdd0 (23 bytes)
1689930664.386688 sending message 105 to peer 0x5620f0bdfdd0 (23 bytes)
1689930664.386697 sending message 105 to peer 0x5620f0bdfdd0 (15 bytes)
1689930664.386707 sending message 105 to peer 0x5620f0bdfdd0 (21 bytes)
1689930664.386727 sending message 105 to peer 0x5620f0bdfdd0 (16 bytes)
1689930664.386737 sending message 105 to peer 0x5620f0bdfdd0 (47 bytes)
1689930664.386747 sending message 105 to peer 0x5620f0bdfdd0 (23 bytes)
1689930664.386756 sending message 105 to peer 0x5620f0bdfdd0 (13 bytes)
1689930664.386765 sending message 105 to peer 0x5620f0bdfdd0 (40 bytes)
1689930664.386775 sending message 105 to peer 0x5620f0bdfdd0 (15 bytes)
1689930664.386784 sending message 105 to peer 0x5620f0bdfdd0 (60 bytes)
1689930664.386794 sending message 105 to peer 0x5620f0bdfdd0 (18 bytes)
1689930664.386804 sending message 105 to peer 0x5620f0bdfdd0 (17 bytes)
1689930664.386813 sending message 105 to peer 0x5620f0bdfdd0 (35 bytes)
1689930664.386823 sending message 105 to peer 0x5620f0bdfdd0 (18 bytes)
1689930664.386832 sending message 105 to peer 0x5620f0bdfdd0 (31 bytes)
1689930664.386841 sending message 105 to peer 0x5620f0bdfdd0 (16 bytes)
1689930664.386851 sending message 105 to peer 0x5620f0bdfdd0 (73 bytes)
1689930664.386860 sending message 105 to peer 0x5620f0bdfdd0 (23 bytes)
1689930664.386870 sending message 105 to peer 0x5620f0bdfdd0 (281 bytes)
1689930664.386880 sending message 105 to peer 0x5620f0bdfdd0 (16 bytes)
1689930664.386889 sending message 105 to peer 0x5620f0bdfdd0 (33 bytes)
1689930664.386899 sending message 105 to peer 0x5620f0bdfdd0 (18 bytes)
1689930664.386909 sending message 105 to peer 0x5620f0bdfdd0 (78 bytes)
1689930664.386918 sending message 105 to peer 0x5620f0bdfdd0 (19 bytes)
1689930664.386927 sending message 105 to peer 0x5620f0bdfdd0 (8 bytes)
1689930664.386937 sending message 105 to peer 0x5620f0bdfdd0 (41 bytes)
1689930664.386947 sending message 105 to peer 0x5620f0bdfdd0 (22 bytes)
1689930664.386956 sending message 105 to peer 0x5620f0bdfdd0 (20 bytes)
1689930664.386966 sending message 105 to peer 0x5620f0bdfdd0 (35 bytes)
1689930664.386976 sending message 105 to peer 0x5620f0bdfdd0 (18 bytes)
1689930664.386985 sending message 105 to peer 0x5620f0bdfdd0 (26 bytes)
1689930664.386994 sending message 105 to peer 0x5620f0bdfdd0 (35 bytes)
1689930664.387007 sending message 105 to peer 0x5620f0bdfdd0 (13 bytes)
1689930664.387021 sending message 105 to peer 0x5620f0bdfdd0 (56 bytes)
1689930664.387035 sending message 105 to peer 0x5620f0bdfdd0 (15 bytes)
1689930664.387045 sending message 105 to peer 0x5620f0bdfdd0 (19 bytes)
1689930664.387054 sending message 105 to peer 0x5620f0bdfdd0 (26 bytes)
1689930664.387064 sending message 105 to peer 0x5620f0bdfdd0 (54 bytes)
1689930664.387073 sending message 105 to peer 0x5620f0bdfdd0 (26 bytes)
1689930664.387082 sending message 105 to peer 0x5620f0bdfdd0 (126 bytes)
1689930664.387114 sending message 105 to peer 0x5620f0bdfdd0 (23 bytes)
1689930664.387130 sending message 105 to peer 0x5620f0bdfdd0 (31 bytes)
1689930664.387140 sending message 105 to peer 0x5620f0bdfdd0 (23 bytes)
1689930664.387150 sending message 105 to peer 0x5620f0bdfdd0 (26 bytes)
1689930664.387159 sending message 105 to peer 0x5620f0bdfdd0 (25 bytes)
1689930664.387169 sending message 105 to peer 0x5620f0bdfdd0 (20 bytes)
1689930664.387179 sending message 105 to peer 0x5620f0bdfdd0 (17 bytes)
1689930664.387189 sending message 105 to peer 0x5620f0bdfdd0 (1770 bytes)
1689930664.387223 sending message 105 to peer 0x5620f0bdfdd0 (31 bytes)
1689930664.387236 sending message 105 to peer 0x5620f0bdfdd0 (11 bytes)
1689930664.387246 sending message 105 to peer 0x5620f0bdfdd0 (8 bytes)
1689930664.387256 sending message 105 to peer 0x5620f0bdfdd0 (32 bytes)
1689930664.387265 sending message 105 to peer 0x5620f0bdfdd0 (46 bytes)
1689930664.387275 sending message 105 to peer 0x5620f0bdfdd0 (7 bytes)
1689930664.387284 sending message 105 to peer 0x5620f0bdfdd0 (11 bytes)
1689930664.387295 sending message 105 to peer 0x5620f0bdfdd0 (54 bytes)
1689930664.387305 sending message 105 to peer 0x5620f0bdfdd0 (14 bytes)
1689930664.387315 sending message 105 to peer 0x5620f0bdfdd0 (29 bytes)
1689930664.387325 sending message 105 to peer 0x5620f0bdfdd0 (16 bytes)
1689930664.387335 sending message 105 to peer 0x5620f0bdfdd0 (56 bytes)
1689930664.387372 sending message 105 to peer 0x5620f0bdfdd0 (65 bytes)
1689930664.387385 sending message 105 to peer 0x5620f0bdfdd0 (16 bytes)
1689930664.387396 sending message 106 to peer 0x5620f0bdfdd0 (0 bytes)
1689930664.387533 sending message 200 to peer 0x5620f0bdfdd0 (4 bytes)
1689930664.387549 client loop enter
1689930664.388492 peer 0x5620f0bdfdd0 message 303
1689930664.388535 open write file 2 -
1689930664.388560 sending message 305 to peer 0x5620f0bdfdd0 (8 bytes)
1689930664.388584 write check file 2
1689930664.388917 peer 0x5620f0bdfdd0 message 304
1689930664.388955 write 58 to file 2
1689930664.388978 peer 0x5620f0bdfdd0 message 203
1689930664.388994 file 2 58 bytes left
1689930664.389042 write check file 2
1689930664.389061 client loop exit
